<?xml version="1.0" encoding="UTF-8"?>
<!-- Generated by org.testng.reporters.JUnitReportReporter -->
<testsuite hostname="AZ-HYD-LPT-04" failures="0" tests="1" name="PlusSurvey_Mobile_Application.PlusSurvey_Mobile_Application.lunch_app" time="1.429" errors="0" timestamp="2024-03-25T22:05:57 IST" skipped="0">
  <testcase classname="PlusSurvey_Mobile_Application.PlusSurvey_Mobile_Application.lunch_app" name="name" time="1.429"/>
</testsuite> <!-- PlusSurvey_Mobile_Application.PlusSurvey_Mobile_Application.lunch_app -->
